2018-04-03 10:59:19 购买：ipad        价格：6888元
2018-04-03 10:59:19 购买：iphone      价格：5888元
2018-04-03 11:22:55 购买：hat         价格：9元
2018-04-03 11:24:20 购买：pen         价格：7元
2018-04-03 11:24:20 购买：wrap        价格：38元
					你目前的余额：37123
2018-04-03 18:15:21 购买：wrap        价格：38元
					你目前的余额：21675.0
2018-04-03 18:15:52 购买：wrap        价格：38元
					你目前的余额：21637.0
2018-04-03 18:23:05 购买：wrap        价格：38元
					你目前的余额：
2018-04-03 20:00:01 购买：icar        价格：280000元
					你目前的余额：
2018-04-04 09:20:15 购买：pen         价格：7元
2018-04-04 09:20:15 购买：wrap        价格：38元
2018-04-04 09:20:15 购买：hong mi     价格：999元
					你目前的余额：20593.0
2018-04-04 09:20:32 购买：hat         价格：9元
2018-04-04 09:20:32 购买：hat         价格：9元
					你目前的余额：20575.0
