2018-04-03 10:49:44 查询到此用户：aaa
2018-04-03 10:49:50 查询bhb用户，没有结果
2018-04-03 10:49:54 查询到此用户：bbb
2018-04-03 10:58:25 查询到此用户：hrg
2018-04-03 10:58:31 添加用户失败，用户已经存在
2018-04-03 10:58:50 添加用户1
2018-04-03 10:59:19 1购物支付成功
2018-04-03 11:22:55 1用户购物支付成功
2018-04-03 11:23:19 1用户购物支付成功
2018-04-03 11:24:20 1用户购物支付成功
2018-04-03 13:50:03 查询到此用户：aaa
2018-04-03 13:50:09 查询到此用户：bbb
2018-04-03 13:50:17 查询到此用户：1
2018-04-03 13:50:27 你输入的用户bbba不存在
2018-04-03 13:50:33 注销用户bbb成功
2018-04-03 13:50:33 删除用户bbb的日志成功
2018-04-03 13:50:44 查询bbb用户，没有结果
2018-04-03 13:52:33 添加用户2
2018-04-03 13:52:58 2用户购物支付成功
2018-04-03 13:53:07 查询到此用户：2
2018-04-03 16:12:45 查询到此用户：1
2018-04-03 16:12:57 查询到此用户：1
2018-04-03 16:13:00 查询到此用户：2
2018-04-03 16:13:42 查询到此用户：1
2018-04-03 16:13:48 查询到此用户：2
2018-04-03 16:19:49 查询到此用户：hrg
2018-04-03 16:20:00 查询到此用户：1
2018-04-03 16:31:34 查询到此用户：1
2018-04-03 16:32:00 1用户转账给hrg用户1000元成功
2018-04-03 16:32:04 查询到此用户：1
2018-04-03 16:32:08 查询到此用户：hrg
2018-04-03 16:32:25 1用户转账给hrg用户5000元成功
2018-04-03 16:32:30 查询到此用户：hrg
2018-04-03 16:32:35 查询到此用户：1
2018-04-03 16:33:16 aaa转账失败，可用额度不够
2018-04-03 17:12:05 查询到此用户：1
2018-04-03 17:12:29 查询到此用户：1
2018-04-03 17:13:54 查询到此用户：1
2018-04-03 17:15:55 查询到此用户：1
2018-04-03 17:16:05 查询到此用户：2
2018-04-03 17:16:27 2用户转账给1用户2000元成功
2018-04-03 17:16:30 查询到此用户：2
2018-04-03 17:16:32 查询到此用户：1
2018-04-03 17:17:05 2用户购物支付成功
2018-04-03 17:17:12 查询到此用户：2
2018-04-03 17:21:31 1提现200元成功
2018-04-03 17:22:05 查询到此用户：aaa
2018-04-03 17:22:22 aaa提现5000元失败，可用额度不够
2018-04-03 18:01:15 添加用户3
2018-04-03 18:01:21 查询到此用户：3
2018-04-03 18:04:58 查询到此用户：1
2018-04-03 18:05:01 查询到此用户：2
2018-04-03 18:05:04 查询到此用户：3
2018-04-03 18:05:07 查询到此用户：aaa
2018-04-03 18:05:12 查询r用户，没有结果
2018-04-03 18:05:15 查询到此用户：hrg
2018-04-03 18:11:19 查询hrghrg用户，没有结果
2018-04-03 18:11:23 查询到此用户：hrg
2018-04-03 18:14:02 查询到此用户：1
2018-04-03 18:15:21 1用户购物支付成功
2018-04-03 18:15:52 1用户购物支付成功
