2018-04-02 21:31:08 购买：wrap        价格：38元
2018-04-02 21:31:59 购买：mihone      价格：1999元
2018-04-02 21:31:59 购买：pen         价格：7元
2018-04-02 21:31:59 购买：pen         价格：7元
2018-04-02 21:31:59 购买：wrap        价格：38元
2018-04-02 21:32:34 购买：ipad        价格：6888元
2018-04-02 21:44:41 购买：iphone      价格：5888元
2018-04-02 21:52:51 购买：hat         价格：9元
2018-04-02 22:09:57 购买：hat         价格：9元
2018-04-02 22:37:51 购买：mi fan      价格：19元
2018-04-02 22:38:16 购买：pen         价格：7元
2018-04-02 22:43:32 购买：mi fan      价格：19元
2018-04-02 22:43:54 购买：pen         价格：7元
2018-04-02 22:43:54 购买：wrap        价格：38元
2018-04-03 08:59:55 购买：pen         价格：7元
2018-04-03 08:59:55 购买：mi fan      价格：19元
2018-04-03 08:59:55 购买：wrap        价格：38元
2018-04-03 09:00:46 购买：pen         价格：7元
2018-04-04 09:44:12 购买：iphone      价格：5888元
2018-04-04 09:44:12 购买：hat         价格：9元
2018-04-04 09:44:12 购买：pen         价格：7元
2018-04-04 09:44:12 购买：wrap        价格：38元
					你目前的余额：-2267
